2024-09-22 21:49:51,804 INFO o.a.j.u.JMeterUtils: Setting Locale to en_EN
2024-09-22 21:49:51,818 INFO o.a.j.JMeter: Loading user properties from: C:\Users\gabri\OneDrive\Área de Trabalho\apache-jmeter-5.6.3\bin\user.properties
2024-09-22 21:49:51,818 INFO o.a.j.JMeter: Loading system properties from: C:\Users\gabri\OneDrive\Área de Trabalho\apache-jmeter-5.6.3\bin\system.properties
2024-09-22 21:49:51,823 INFO o.a.j.JMeter: Copyright (c) 1998-2024 The Apache Software Foundation
2024-09-22 21:49:51,823 INFO o.a.j.JMeter: Version 5.6.3
2024-09-22 21:49:51,823 INFO o.a.j.JMeter: java.version=21.0.2
2024-09-22 21:49:51,823 INFO o.a.j.JMeter: java.vm.name=OpenJDK 64-Bit Server VM
2024-09-22 21:49:51,823 INFO o.a.j.JMeter: os.name=Windows 11
2024-09-22 21:49:51,823 INFO o.a.j.JMeter: os.arch=amd64
2024-09-22 21:49:51,823 INFO o.a.j.JMeter: os.version=10.0
2024-09-22 21:49:51,823 INFO o.a.j.JMeter: file.encoding=UTF-8
2024-09-22 21:49:51,823 INFO o.a.j.JMeter: java.awt.headless=true
2024-09-22 21:49:51,823 INFO o.a.j.JMeter: Max memory     =1073741824
2024-09-22 21:49:51,823 INFO o.a.j.JMeter: Available Processors =16
2024-09-22 21:49:51,829 INFO o.a.j.JMeter: Default Locale=English (EN)
2024-09-22 21:49:51,829 INFO o.a.j.JMeter: JMeter  Locale=English (EN)
2024-09-22 21:49:51,829 INFO o.a.j.JMeter: JMeterHome=C:\Users\gabri\OneDrive\Área de Trabalho\apache-jmeter-5.6.3
2024-09-22 21:49:51,829 INFO o.a.j.JMeter: user.dir  =C:\Users\gabri\OneDrive\Área de Trabalho\teste_carga_automacao
2024-09-22 21:49:51,830 INFO o.a.j.JMeter: PWD       =C:\Users\gabri\OneDrive\Área de Trabalho\teste_carga_automacao
2024-09-22 21:49:51,833 INFO o.a.j.JMeter: IP: 192.168.0.2 Name: Gabriela FullName: Gabriela
2024-09-22 21:49:51,841 INFO o.a.j.JMeter: Setting property 'jmeter.reportgenerator.outputdir' to:'C:\Users\gabri\OneDrive\Área de Trabalho\teste_carga_automacao\relatorios'
2024-09-22 21:49:51,847 INFO o.a.j.r.d.ReportGenerator: ReportGenerator will use for Parsing the separator: ','
2024-09-22 21:49:51,847 INFO o.a.j.r.d.ReportGenerator: Will only generate report from results file: logs/jmeter_log.jtl
2024-09-22 21:49:51,848 INFO o.a.j.r.d.ReportGenerator: Reading report generator properties from: C:\Users\gabri\OneDrive\Área de Trabalho\apache-jmeter-5.6.3\bin\reportgenerator.properties
2024-09-22 21:49:51,850 INFO o.a.j.r.d.ReportGenerator: Merging with JMeter properties
2024-09-22 21:49:51,853 INFO o.a.j.r.c.ReportGeneratorConfiguration: Property 'jmeter.reportgenerator.temp_dir' not found, using default value 'temp' instead.
2024-09-22 21:49:51,855 INFO o.a.j.r.c.ReportGeneratorConfiguration: Property 'jmeter.reportgenerator.apdex_per_transaction' not found, using default value 'null' instead.
2024-09-22 21:49:51,863 INFO o.a.j.r.c.ReportGeneratorConfiguration: apdex_per_transaction is empty, not APDEX per transaction customization
2024-09-22 21:49:51,863 INFO o.a.j.r.c.ReportGeneratorConfiguration: Property 'jmeter.reportgenerator.sample_filter' not found, using default value 'null' instead.
2024-09-22 21:49:51,863 INFO o.a.j.r.c.ReportGeneratorConfiguration: Property 'jmeter.reportgenerator.report_title' not found, using default value 'null' instead.
2024-09-22 21:49:51,863 INFO o.a.j.r.c.ReportGeneratorConfiguration: Property 'jmeter.reportgenerator.start_date' not found, using default value 'null' instead.
2024-09-22 21:49:51,864 INFO o.a.j.r.c.ReportGeneratorConfiguration: Property 'jmeter.reportgenerator.end_date' not found, using default value 'null' instead.
2024-09-22 21:49:51,864 INFO o.a.j.r.c.ReportGeneratorConfiguration: Property 'jmeter.reportgenerator.date_format' not found, using default value 'null' instead.
2024-09-22 21:49:51,864 INFO o.a.j.r.c.ReportGeneratorConfiguration: Will use date range start date: null, end date: null
2024-09-22 21:49:51,867 INFO o.a.j.r.c.ReportGeneratorConfiguration: Property 'jmeter.reportgenerator.graph.totalTPS.exclude_controllers' not found, using default value 'false' instead.
2024-09-22 21:49:51,867 INFO o.a.j.r.c.ReportGeneratorConfiguration: Property 'jmeter.reportgenerator.graph.activeThreadsOverTime.exclude_controllers' not found, using default value 'false' instead.
2024-09-22 21:49:51,867 INFO o.a.j.r.c.ReportGeneratorConfiguration: Property 'jmeter.reportgenerator.graph.timeVsThreads.exclude_controllers' not found, using default value 'false' instead.
2024-09-22 21:49:51,867 INFO o.a.j.r.c.ReportGeneratorConfiguration: Property 'jmeter.reportgenerator.graph.responseTimeDistribution.exclude_controllers' not found, using default value 'false' instead.
2024-09-22 21:49:51,867 INFO o.a.j.r.c.ReportGeneratorConfiguration: Property 'jmeter.reportgenerator.graph.transactionsPerSecond.exclude_controllers' not found, using default value 'false' instead.
2024-09-22 21:49:51,867 INFO o.a.j.r.c.ReportGeneratorConfiguration: Property 'jmeter.reportgenerator.graph.responseTimePercentiles.exclude_controllers' not found, using default value 'false' instead.
2024-09-22 21:49:51,867 INFO o.a.j.r.c.ReportGeneratorConfiguration: Property 'jmeter.reportgenerator.graph.responseTimePercentilesOverTime.exclude_controllers' not found, using default value 'false' instead.
2024-09-22 21:49:51,867 INFO o.a.j.r.c.ReportGeneratorConfiguration: Property 'jmeter.reportgenerator.graph.responseTimesOverTime.exclude_controllers' not found, using default value 'false' instead.
2024-09-22 21:49:51,867 INFO o.a.j.r.c.ReportGeneratorConfiguration: Property 'jmeter.reportgenerator.graph.connectTimeOverTime.exclude_controllers' not found, using default value 'false' instead.
2024-09-22 21:49:51,868 INFO o.a.j.r.c.ReportGeneratorConfiguration: Property 'jmeter.reportgenerator.graph.latenciesOverTime.exclude_controllers' not found, using default value 'false' instead.
2024-09-22 21:49:51,868 INFO o.a.j.r.c.ReportGeneratorConfiguration: Property 'jmeter.reportgenerator.exporter.json.filters_only_sample_series' not found, using default value 'true' instead.
2024-09-22 21:49:51,868 INFO o.a.j.r.c.ReportGeneratorConfiguration: Property 'jmeter.reportgenerator.exporter.json.series_filter' not found, using default value '' instead.
2024-09-22 21:49:51,868 INFO o.a.j.r.c.ReportGeneratorConfiguration: Property 'jmeter.reportgenerator.exporter.json.show_controllers_only' not found, using default value 'false' instead.
2024-09-22 21:49:51,868 INFO o.a.j.r.c.ReportGeneratorConfiguration: Property 'jmeter.reportgenerator.exporter.html.filters_only_sample_series' not found, using default value 'true' instead.
2024-09-22 21:49:51,868 INFO o.a.j.r.c.ReportGeneratorConfiguration: Property 'jmeter.reportgenerator.exporter.html.series_filter' not found, using default value '' instead.
2024-09-22 21:49:51,868 INFO o.a.j.r.c.ReportGeneratorConfiguration: Property 'jmeter.reportgenerator.exporter.html.show_controllers_only' not found, using default value 'false' instead.
2024-09-22 21:49:52,002 INFO o.a.j.s.SaveService: Testplan (JMX) version: 2.2. Testlog (JTL) version: 2.2
2024-09-22 21:49:52,030 INFO o.a.j.s.SaveService: Using SaveService properties version 5.0
2024-09-22 21:49:52,033 INFO o.a.j.s.SaveService: Using SaveService properties file encoding UTF-8
2024-09-22 21:49:52,051 INFO o.a.j.r.p.NormalizerSampleConsumer: Using format, 'ms', to parse timeStamp field
2024-09-22 21:49:52,136 INFO o.a.j.r.p.AbstractSampleConsumer: class org.apache.jmeter.report.processor.AggregateConsumer#stopProducing(): beginDate produced 0 samples
2024-09-22 21:49:52,136 INFO o.a.j.r.p.AbstractSampleConsumer: class org.apache.jmeter.report.processor.AggregateConsumer#stopProducing(): endDate produced 0 samples
2024-09-22 21:49:52,147 INFO o.a.j.r.p.AbstractSampleConsumer: class org.apache.jmeter.report.processor.ApdexSummaryConsumer#stopProducing(): apdexSummary produced 0 samples
2024-09-22 21:49:52,147 INFO o.a.j.r.p.AbstractSampleConsumer: class org.apache.jmeter.report.processor.RequestsSummaryConsumer#stopProducing(): requestsSummary produced 0 samples
2024-09-22 21:49:52,155 INFO o.a.j.r.p.AbstractSampleConsumer: class org.apache.jmeter.report.processor.StatisticsSummaryConsumer#stopProducing(): statisticsSummary produced 0 samples
2024-09-22 21:49:52,157 INFO o.a.j.r.p.AbstractSampleConsumer: class org.apache.jmeter.report.processor.Top5ErrorsBySamplerConsumer#stopProducing(): top5ErrorsBySampler produced 0 samples
2024-09-22 21:49:52,157 INFO o.a.j.r.p.AbstractSampleConsumer: class org.apache.jmeter.report.processor.ErrorsSummaryConsumer#stopProducing(): errorsSummary produced 0 samples
2024-09-22 21:49:52,157 INFO o.a.j.r.p.AbstractSampleConsumer: class org.apache.jmeter.report.processor.graph.impl.HitsPerSecondGraphConsumer#stopProducing(): hitsPerSecond produced 0 samples
2024-09-22 21:49:52,183 INFO o.a.j.r.p.AbstractSampleConsumer: class org.apache.jmeter.report.processor.graph.impl.LatencyVSRequestGraphConsumer#stopProducing(): latencyVsRequest produced 0 samples
2024-09-22 21:49:52,183 INFO o.a.j.r.p.AbstractSampleConsumer: class org.apache.jmeter.report.processor.graph.impl.SyntheticResponseTimeDistributionGraphConsumer#stopProducing(): syntheticResponseTimeDistribution produced 0 samples
2024-09-22 21:49:52,184 INFO o.a.j.r.p.AbstractSampleConsumer: class org.apache.jmeter.report.processor.graph.impl.BytesThroughputGraphConsumer#stopProducing(): bytesThroughputOverTime produced 0 samples
2024-09-22 21:49:52,184 INFO o.a.j.r.p.AbstractSampleConsumer: class org.apache.jmeter.report.processor.graph.impl.CodesPerSecondGraphConsumer#stopProducing(): codesPerSecond produced 0 samples
2024-09-22 21:49:52,189 INFO o.a.j.r.p.AbstractSampleConsumer: class org.apache.jmeter.report.processor.graph.impl.ResponseTimeVSRequestGraphConsumer#stopProducing(): responseTimeVsRequest produced 0 samples
2024-09-22 21:49:52,190 INFO o.a.j.r.p.AbstractSampleConsumer: class org.apache.jmeter.report.processor.FilterConsumer#stopProducing(): startIntervalControlerFilter produced 2310 samples
2024-09-22 21:49:52,190 INFO o.a.j.r.p.AbstractSampleConsumer: class org.apache.jmeter.report.processor.graph.impl.TotalTPSGraphConsumer#stopProducing(): totalTPS produced 0 samples
2024-09-22 21:49:52,190 INFO o.a.j.r.p.AbstractSampleConsumer: class org.apache.jmeter.report.processor.graph.impl.ActiveThreadsGraphConsumer#stopProducing(): activeThreadsOverTime produced 0 samples
2024-09-22 21:49:52,190 INFO o.a.j.r.p.AbstractSampleConsumer: class org.apache.jmeter.report.processor.graph.impl.TimeVSThreadGraphConsumer#stopProducing(): timeVsThreads produced 0 samples
2024-09-22 21:49:52,190 INFO o.a.j.r.p.AbstractSampleConsumer: class org.apache.jmeter.report.processor.graph.impl.ResponseTimeDistributionGraphConsumer#stopProducing(): responseTimeDistribution produced 0 samples
2024-09-22 21:49:52,190 INFO o.a.j.r.p.AbstractSampleConsumer: class org.apache.jmeter.report.processor.graph.impl.TransactionsPerSecondGraphConsumer#stopProducing(): transactionsPerSecond produced 0 samples
2024-09-22 21:49:52,190 INFO o.a.j.r.p.AbstractSampleConsumer: class org.apache.jmeter.report.processor.graph.impl.ResponseTimePercentilesGraphConsumer#stopProducing(): responseTimePercentiles produced 0 samples
2024-09-22 21:49:52,191 INFO o.a.j.r.p.AbstractSampleConsumer: class org.apache.jmeter.report.processor.graph.impl.ResponseTimePercentilesOverTimeGraphConsumer#stopProducing(): responseTimePercentilesOverTime produced 0 samples
2024-09-22 21:49:52,192 INFO o.a.j.r.p.AbstractSampleConsumer: class org.apache.jmeter.report.processor.graph.impl.ResponseTimeOverTimeGraphConsumer#stopProducing(): responseTimesOverTime produced 0 samples
2024-09-22 21:49:52,192 INFO o.a.j.r.p.AbstractSampleConsumer: class org.apache.jmeter.report.processor.graph.impl.ConnectTimeOverTimeGraphConsumer#stopProducing(): connectTimeOverTime produced 0 samples
2024-09-22 21:49:52,192 INFO o.a.j.r.p.AbstractSampleConsumer: class org.apache.jmeter.report.processor.graph.impl.LatencyOverTimeGraphConsumer#stopProducing(): latenciesOverTime produced 0 samples
2024-09-22 21:49:52,192 INFO o.a.j.r.p.AbstractSampleConsumer: class org.apache.jmeter.report.processor.FilterConsumer#stopProducing(): nameFilter produced 4950 samples
2024-09-22 21:49:52,192 INFO o.a.j.r.p.AbstractSampleConsumer: class org.apache.jmeter.report.processor.FilterConsumer#stopProducing(): dateRangeFilter produced 990 samples
2024-09-22 21:49:52,192 INFO o.a.j.r.p.AbstractSampleConsumer: class org.apache.jmeter.report.processor.NormalizerSampleConsumer#stopProducing(): normalizer produced 330 samples
2024-09-22 21:49:52,192 INFO o.a.j.r.p.CsvFileSampleSource: produce(): 330 samples produced in 126ms on channel 0
2024-09-22 21:49:52,192 INFO o.a.j.r.d.ReportGenerator: Exporting data using exporter:'json' of className:'org.apache.jmeter.report.dashboard.JsonExporter'
2024-09-22 21:49:52,236 INFO o.a.j.r.d.JsonExporter: Found data for consumer statisticsSummary in context
2024-09-22 21:49:52,236 INFO o.a.j.r.d.JsonExporter: Creating statistics for overall
2024-09-22 21:49:52,237 INFO o.a.j.r.d.JsonExporter: Creating statistics for other transactions
2024-09-22 21:49:52,238 INFO o.a.j.r.d.JsonExporter: Checking output folder
2024-09-22 21:49:52,239 INFO o.a.j.r.d.JsonExporter: Writing statistics JSON to C:\Users\gabri\OneDrive\Área de Trabalho\teste_carga_automacao\relatorios\statistics.json
2024-09-22 21:49:52,267 INFO o.a.j.r.d.ReportGenerator: Exporting data using exporter:'html' of className:'org.apache.jmeter.report.dashboard.HtmlTemplateExporter'
2024-09-22 21:49:52,270 INFO o.a.j.r.d.HtmlTemplateExporter: Will generate dashboard in folder: C:\Users\gabri\OneDrive\Área de Trabalho\teste_carga_automacao\relatorios
2024-09-22 21:49:52,366 INFO o.a.j.r.d.HtmlTemplateExporter: Report will be generated in: C:\Users\gabri\OneDrive\Área de Trabalho\teste_carga_automacao\relatorios, creating folder structure
2024-09-22 21:49:52,368 INFO o.a.j.r.d.TemplateVisitor: Copying folder from 'C:\Users\gabri\OneDrive\Área de Trabalho\apache-jmeter-5.6.3\bin\report-template' to 'C:\Users\gabri\OneDrive\Área de Trabalho\teste_carga_automacao\relatorios', got message: C:\Users\gabri\OneDrive\Área de Trabalho\teste_carga_automacao\relatorios, found non empty folder with following content [C:\Users\gabri\OneDrive\Área de Trabalho\teste_carga_automacao\relatorios\statistics.json], will be ignored
